#
# There is insufficient memory for the Java Runtime Environment to continue.
# Native memory allocation (malloc) failed to allocate 32744 bytes for ChunkPool::allocate
# Possible reasons:
#   The system is out of physical RAM or swap space
#   The process is running with CompressedOops enabled, and the Java Heap may be blocking the growth of the native heap
# Possible solutions:
#   Reduce memory load on the system
#   Increase physical memory or swap space
#   Check if swap backing store is full
#   Decrease Java heap size (-Xmx/-Xms)
#   Decrease number of Java threads
#   Decrease Java thread stack sizes (-Xss)
#   Set larger code cache with -XX:ReservedCodeCacheSize=
#   JVM is running with Unscaled Compressed Oops mode in which the Java heap is
#     placed in the first 4GB address space. The Java Heap base address is the
#     maximum limit for the native heap growth. Please use -XX:HeapBaseMinAddress
#     to set the Java Heap base and to place the Java Heap above 4GB virtual address.
# This output file may be truncated or incomplete.
#
#  Out of Memory Error (./src/hotspot/share/memory/arena.cpp:81), pid=2424, tid=16096
#
# JRE version: OpenJDK Runtime Environment JBR-11.0.14.1.1-1751.46-jcef (11.0.14.1+1) (build 11.0.14.1+1-b1751.46)
# Java VM: OpenJDK 64-Bit Server VM JBR-11.0.14.1.1-1751.46-jcef (11.0.14.1+1-b1751.46, mixed mode, tiered, compressed oops, g1 gc, windows-amd64)
# No core dump will be written. Minidumps are not enabled by default on client versions of Windows
#

---------------  S U M M A R Y ------------

Command Line: -Djava.rmi.server.hostname=127.0.0.1 -Duser.timezone=UTC -Xmx750m -Xms128m -Dfile.encoding=UTF-8 com.intellij.database.remote.RemoteJdbcServer org.sqlite.JDBC

Host: Intel(R) Core(TM) i7-3632QM CPU @ 2.20GHz, 8 cores, 7G,  Windows 10 , 64 bit Build 16299 (10.0.16299.15)
Time: Sat Apr  9 21:29:37 2022 ¨¦?¦Ì???¨¢?¨º¡À elapsed time: 6.023114 seconds (0d 0h 0m 6s)

---------------  T H R E A D  ---------------

Current thread (0x0000027837a08800):  JavaThread "C2 CompilerThread1" daemon [_thread_in_native, id=16096, stack(0x000000ba8fe00000,0x000000ba8ff00000)]


Current CompileTask:
C2:   6023 1842   !   4       java.io.ObjectOutputStream::writeObject0 (619 bytes)

Stack: [0x000000ba8fe00000,0x000000ba8ff00000]
Native frames: (J=compiled Java code, j=interpreted, Vv=VM code, C=native code)
V  [jvm.dll+0x61601a]
V  [jvm.dll+0x79c3b0]
V  [jvm.dll+0x79d9cd]
V  [jvm.dll+0x79e0a3]
V  [jvm.dll+0x24ca38]
V  [jvm.dll+0xc172b]
V  [jvm.dll+0xc19dc]
V  [jvm.dll+0xc15dc]
V  [jvm.dll+0x6430d0]
V  [jvm.dll+0x64725e]
V  [jvm.dll+0x19f028]
V  [jvm.dll+0x2053be]
V  [jvm.dll+0x204437]
V  [jvm.dll+0x18b341]
V  [jvm.dll+0x21310f]
V  [jvm.dll+0x2119b1]
V  [jvm.dll+0x76300f]
V  [jvm.dll+0x75bc05]
V  [jvm.dll+0x614c86]
C  [ucrtbase.dll+0x1d885]
C  [KERNEL32.DLL+0x11fe4]
C  [ntdll.dll+0x6ef91]


---------------  P R O C E S S  ---------------

Threads class SMR info:
_java_thread_list=0x00000278368fd980, length=20, elements={
0x000002781c539000, 0x0000027835a93000, 0x0000027835a94800, 0x00000278362fe000,
0x00000278362ff000, 0x0000027836300800, 0x000002783630b800, 0x000002783631a800,
0x000002783633b800, 0x00000278364ba800, 0x0000027836837000, 0x0000027836839000,
0x0000027836853800, 0x0000027836854800, 0x0000027836adb800, 0x00000278376b3800,
0x000002783795d800, 0x0000027837a08800, 0x0000027836887800, 0x0000027838b23800
}

Java Threads: ( => current thread )
  0x000002781c539000 JavaThread "main" [_thread_blocked, id=13644, stack(0x000000ba8e300000,0x000000ba8e400000)]
  0x0000027835a93000 JavaThread "Reference Handler" daemon [_thread_blocked, id=496, stack(0x000000ba8ea00000,0x000000ba8eb00000)]
  0x0000027835a94800 JavaThread "Finalizer" daemon [_thread_blocked, id=732, stack(0x000000ba8eb00000,0x000000ba8ec00000)]
  0x00000278362fe000 JavaThread "Signal Dispatcher" daemon [_thread_blocked, id=16276, stack(0x000000ba8ed00000,0x000000ba8ee00000)]
  0x00000278362ff000 JavaThread "Attach Listener" daemon [_thread_blocked, id=7728, stack(0x000000ba8ee00000,0x000000ba8ef00000)]
  0x0000027836300800 JavaThread "Service Thread" daemon [_thread_blocked, id=13780, stack(0x000000ba8ef00000,0x000000ba8f000000)]
  0x000002783630b800 JavaThread "C2 CompilerThread0" daemon [_thread_in_native, id=12248, stack(0x000000ba8f000000,0x000000ba8f100000)]
  0x000002783631a800 JavaThread "C1 CompilerThread0" daemon [_thread_blocked, id=8364, stack(0x000000ba8f100000,0x000000ba8f200000)]
  0x000002783633b800 JavaThread "Sweeper thread" daemon [_thread_blocked, id=8456, stack(0x000000ba8f200000,0x000000ba8f300000)]
  0x00000278364ba800 JavaThread "Common-Cleaner" daemon [_thread_blocked, id=12984, stack(0x000000ba8f400000,0x000000ba8f500000)]
  0x0000027836837000 JavaThread "RMI TCP Accept-16114" daemon [_thread_in_native, id=1284, stack(0x000000ba8f500000,0x000000ba8f600000)]
  0x0000027836839000 JavaThread "RMI TCP Accept-0" daemon [_thread_in_native, id=1548, stack(0x000000ba8f600000,0x000000ba8f700000)]
  0x0000027836853800 JavaThread "RMI Reaper" [_thread_blocked, id=4644, stack(0x000000ba8f700000,0x000000ba8f800000)]
  0x0000027836854800 JavaThread "RMI GC Daemon" daemon [_thread_blocked, id=16772, stack(0x000000ba8f800000,0x000000ba8f900000)]
  0x0000027836adb800 JavaThread "RMI TCP Connection(1)-127.0.0.1" daemon [_thread_in_native, id=8084, stack(0x000000ba8fb00000,0x000000ba8fc00000)]
  0x00000278376b3800 JavaThread "RMI TCP Connection(2)-127.0.0.1" daemon [_thread_in_native, id=11652, stack(0x000000ba8fc00000,0x000000ba8fd00000)]
  0x000002783795d800 JavaThread "RMI Scheduler(0)" daemon [_thread_blocked, id=7744, stack(0x000000ba8fd00000,0x000000ba8fe00000)]
=>0x0000027837a08800 JavaThread "C2 CompilerThread1" daemon [_thread_in_native, id=16096, stack(0x000000ba8fe00000,0x000000ba8ff00000)]
  0x0000027836887800 JavaThread "C2 CompilerThread2" daemon [_thread_in_native, id=13936, stack(0x000000ba8ff00000,0x000000ba90000000)]
  0x0000027838b23800 JavaThread "RMI TCP Connection(3)-127.0.0.1" daemon [_thread_in_native, id=5128, stack(0x000000ba90300000,0x000000ba90400000)]

Other Threads:
  0x00000278362a3800 VMThread "VM Thread" [stack: 0x000000ba8e900000,0x000000ba8ea00000] [id=10504]
  0x00000278364a2800 WatcherThread [stack: 0x000000ba8f300000,0x000000ba8f400000] [id=16520]
  0x000002781c550800 GCTaskThread "GC Thread#0" [stack: 0x000000ba8e400000,0x000000ba8e500000] [id=15484]
  0x0000027837bb0800 GCTaskThread "GC Thread#1" [stack: 0x000000ba90000000,0x000000ba90100000] [id=7984]
  0x0000027837612000 GCTaskThread "GC Thread#2" [stack: 0x000000ba90100000,0x000000ba90200000] [id=11472]
  0x0000027837612800 GCTaskThread "GC Thread#3" [stack: 0x000000ba90200000,0x000000ba90300000] [id=8132]
  0x000002781c56b000 ConcurrentGCThread "G1 Main Marker" [stack: 0x000000ba8e500000,0x000000ba8e600000] [id=3228]
  0x000002781c56d000 ConcurrentGCThread "G1 Conc#0" [stack: 0x000000ba8e600000,0x000000ba8e700000] [id=13516]
  0x00000278358c9800 ConcurrentGCThread "G1 Refine#0" [stack: 0x000000ba8e700000,0x000000ba8e800000] [id=10024]
  0x00000278358ca000 ConcurrentGCThread "G1 Young RemSet Sampling" [stack: 0x000000ba8e800000,0x000000ba8e900000] [id=10668]

Threads with active compile tasks:
C2 CompilerThread0   6047 1926       4       java.io.ObjectInputStream::readClassDesc (123 bytes)
C2 CompilerThread1   6047 1842   !   4       java.io.ObjectOutputStream::writeObject0 (619 bytes)
C2 CompilerThread2   6047 1876   !   4       java.io.ObjectInputStream::readObject0 (671 bytes)

VM state:not at safepoint (normal execution)

VM Mutex/Monitor currently owned by a thread: None

Heap address: 0x00000000d1200000, size: 750 MB, Compressed Oops mode: 32-bit
Narrow klass base: 0x0000000000000000, Narrow klass shift: 3
Compressed class space size: 1073741824 Address: 0x0000000100000000

Heap:
 garbage-first heap   total 131072K, used 29593K [0x00000000d1200000, 0x0000000100000000)
  region size 1024K, 29 young (29696K), 3 survivors (3072K)
 Metaspace       used 15071K, capacity 15662K, committed 15872K, reserved 1062912K
  class space    used 1486K, capacity 1715K, committed 1792K, reserved 1048576K
Heap Regions: E=young(eden), S=young(survivor), O=old, HS=humongous(starts), HC=humongous(continues), CS=collection set, F=free, A=archive, TAMS=top-at-mark-start (previous, next)
|   0|0x00000000d1200000, 0x00000000d12e6400, 0x00000000d1300000| 89%| O|  |TAMS 0x00000000d1200000, 0x00000000d1200000| Untracked 
|   1|0x00000000d1300000, 0x00000000d1300000, 0x00000000d1400000|  0%| F|  |TAMS 0x00000000d1300000, 0x00000000d1300000| Untracked 
|   2|0x00000000d1400000, 0x00000000d1400000, 0x00000000d1500000|  0%| F|  |TAMS 0x00000000d1400000, 0x00000000d1400000| Untracked 
|   3|0x00000000d1500000, 0x00000000d1500000, 0x00000000d1600000|  0%| F|  |TAMS 0x00000000d1500000, 0x00000000d1500000| Untracked 
|   4|0x00000000d1600000, 0x00000000d1600000, 0x00000000d1700000|  0%| F|  |TAMS 0x00000000d1600000, 0x00000000d1600000| Untracked 
|   5|0x00000000d1700000, 0x00000000d1700000, 0x00000000d1800000|  0%| F|  |TAMS 0x00000000d1700000, 0x00000000d1700000| Untracked 
|   6|0x00000000d1800000, 0x00000000d1800000, 0x00000000d1900000|  0%| F|  |TAMS 0x00000000d1800000, 0x00000000d1800000| Untracked 
|   7|0x00000000d1900000, 0x00000000d1900000, 0x00000000d1a00000|  0%| F|  |TAMS 0x00000000d1900000, 0x00000000d1900000| Untracked 
|   8|0x00000000d1a00000, 0x00000000d1a00000, 0x00000000d1b00000|  0%| F|  |TAMS 0x00000000d1a00000, 0x00000000d1a00000| Untracked 
|   9|0x00000000d1b00000, 0x00000000d1b00000, 0x00000000d1c00000|  0%| F|  |TAMS 0x00000000d1b00000, 0x00000000d1b00000| Untracked 
|  10|0x00000000d1c00000, 0x00000000d1c00000, 0x00000000d1d00000|  0%| F|  |TAMS 0x00000000d1c00000, 0x00000000d1c00000| Untracked 
|  11|0x00000000d1d00000, 0x00000000d1d00000, 0x00000000d1e00000|  0%| F|  |TAMS 0x00000000d1d00000, 0x00000000d1d00000| Untracked 
|  12|0x00000000d1e00000, 0x00000000d1e00000, 0x00000000d1f00000|  0%| F|  |TAMS 0x00000000d1e00000, 0x00000000d1e00000| Untracked 
|  13|0x00000000d1f00000, 0x00000000d1f00000, 0x00000000d2000000|  0%| F|  |TAMS 0x00000000d1f00000, 0x00000000d1f00000| Untracked 
|  14|0x00000000d2000000, 0x00000000d2000000, 0x00000000d2100000|  0%| F|  |TAMS 0x00000000d2000000, 0x00000000d2000000| Untracked 
|  15|0x00000000d2100000, 0x00000000d2100000, 0x00000000d2200000|  0%| F|  |TAMS 0x00000000d2100000, 0x00000000d2100000| Untracked 
|  16|0x00000000d2200000, 0x00000000d2200000, 0x00000000d2300000|  0%| F|  |TAMS 0x00000000d2200000, 0x00000000d2200000| Untracked 
|  17|0x00000000d2300000, 0x00000000d2300000, 0x00000000d2400000|  0%| F|  |TAMS 0x00000000d2300000, 0x00000000d2300000| Untracked 
|  18|0x00000000d2400000, 0x00000000d2400000, 0x00000000d2500000|  0%| F|  |TAMS 0x00000000d2400000, 0x00000000d2400000| Untracked 
|  19|0x00000000d2500000, 0x00000000d2500000, 0x00000000d2600000|  0%| F|  |TAMS 0x00000000d2500000, 0x00000000d2500000| Untracked 
|  20|0x00000000d2600000, 0x00000000d2600000, 0x00000000d2700000|  0%| F|  |TAMS 0x00000000d2600000, 0x00000000d2600000| Untracked 
|  21|0x00000000d2700000, 0x00000000d2700000, 0x00000000d2800000|  0%| F|  |TAMS 0x00000000d2700000, 0x00000000d2700000| Untracked 
|  22|0x00000000d2800000, 0x00000000d2800000, 0x00000000d2900000|  0%| F|  |TAMS 0x00000000d2800000, 0x00000000d2800000| Untracked 
|  23|0x00000000d2900000, 0x00000000d2900000, 0x00000000d2a00000|  0%| F|  |TAMS 0x00000000d2900000, 0x00000000d2900000| Untracked 
|  24|0x00000000d2a00000, 0x00000000d2a00000, 0x00000000d2b00000|  0%| F|  |TAMS 0x00000000d2a00000, 0x00000000d2a00000| Untracked 
|  25|0x00000000d2b00000, 0x00000000d2b00000, 0x00000000d2c00000|  0%| F|  |TAMS 0x00000000d2b00000, 0x00000000d2b00000| Untracked 
|  26|0x00000000d2c00000, 0x00000000d2c00000, 0x00000000d2d00000|  0%| F|  |TAMS 0x00000000d2c00000, 0x00000000d2c00000| Untracked 
|  27|0x00000000d2d00000, 0x00000000d2d00000, 0x00000000d2e00000|  0%| F|  |TAMS 0x00000000d2d00000, 0x00000000d2d00000| Untracked 
|  28|0x00000000d2e00000, 0x00000000d2e00000, 0x00000000d2f00000|  0%| F|  |TAMS 0x00000000d2e00000, 0x00000000d2e00000| Untracked 
|  29|0x00000000d2f00000, 0x00000000d2f00000, 0x00000000d3000000|  0%| F|  |TAMS 0x00000000d2f00000, 0x00000000d2f00000| Untracked 
|  30|0x00000000d3000000, 0x00000000d3000000, 0x00000000d3100000|  0%| F|  |TAMS 0x00000000d3000000, 0x00000000d3000000| Untracked 
|  31|0x00000000d3100000, 0x00000000d3100000, 0x00000000d3200000|  0%| F|  |TAMS 0x00000000d3100000, 0x00000000d3100000| Untracked 
|  32|0x00000000d3200000, 0x00000000d3200000, 0x00000000d3300000|  0%| F|  |TAMS 0x00000000d3200000, 0x00000000d3200000| Untracked 
|  33|0x00000000d3300000, 0x00000000d3300000, 0x00000000d3400000|  0%| F|  |TAMS 0x00000000d3300000, 0x00000000d3300000| Untracked 
|  34|0x00000000d3400000, 0x00000000d3400000, 0x00000000d3500000|  0%| F|  |TAMS 0x00000000d3400000, 0x00000000d3400000| Untracked 
|  35|0x00000000d3500000, 0x00000000d3500000, 0x00000000d3600000|  0%| F|  |TAMS 0x00000000d3500000, 0x00000000d3500000| Untracked 
|  36|0x00000000d3600000, 0x00000000d3600000, 0x00000000d3700000|  0%| F|  |TAMS 0x00000000d3600000, 0x00000000d3600000| Untracked 
|  37|0x00000000d3700000, 0x00000000d3700000, 0x00000000d3800000|  0%| F|  |TAMS 0x00000000d3700000, 0x00000000d3700000| Untracked 
|  38|0x00000000d3800000, 0x00000000d3800000, 0x00000000d3900000|  0%| F|  |TAMS 0x00000000d3800000, 0x00000000d3800000| Untracked 
|  39|0x00000000d3900000, 0x00000000d3900000, 0x00000000d3a00000|  0%| F|  |TAMS 0x00000000d3900000, 0x00000000d3900000| Untracked 
|  40|0x00000000d3a00000, 0x00000000d3a00000, 0x00000000d3b00000|  0%| F|  |TAMS 0x00000000d3a00000, 0x00000000d3a00000| Untracked 
|  41|0x00000000d3b00000, 0x00000000d3b00000, 0x00000000d3c00000|  0%| F|  |TAMS 0x00000000d3b00000, 0x00000000d3b00000| Untracked 
|  42|0x00000000d3c00000, 0x00000000d3c00000, 0x00000000d3d00000|  0%| F|  |TAMS 0x00000000d3c00000, 0x00000000d3c00000| Untracked 
|  43|0x00000000d3d00000, 0x00000000d3d00000, 0x00000000d3e00000|  0%| F|  |TAMS 0x00000000d3d00000, 0x00000000d3d00000| Untracked 
|  44|0x00000000d3e00000, 0x00000000d3e00000, 0x00000000d3f00000|  0%| F|  |TAMS 0x00000000d3e00000, 0x00000000d3e00000| Untracked 
|  45|0x00000000d3f00000, 0x00000000d3f00000, 0x00000000d4000000|  0%| F|  |TAMS 0x00000000d3f00000, 0x00000000d3f00000| Untracked 
|  46|0x00000000d4000000, 0x00000000d4000000, 0x00000000d4100000|  0%| F|  |TAMS 0x00000000d4000000, 0x00000000d4000000| Untracked 
|  47|0x00000000d4100000, 0x00000000d4100000, 0x00000000d4200000|  0%| F|  |TAMS 0x00000000d4100000, 0x00000000d4100000| Untracked 
|  48|0x00000000d4200000, 0x00000000d4200000, 0x00000000d4300000|  0%| F|  |TAMS 0x00000000d4200000, 0x00000000d4200000| Untracked 
|  49|0x00000000d4300000, 0x00000000d4300000, 0x00000000d4400000|  0%| F|  |TAMS 0x00000000d4300000, 0x00000000d4300000| Untracked 
|  50|0x00000000d4400000, 0x00000000d4400000, 0x00000000d4500000|  0%| F|  |TAMS 0x00000000d4400000, 0x00000000d4400000| Untracked 
|  51|0x00000000d4500000, 0x00000000d4500000, 0x00000000d4600000|  0%| F|  |TAMS 0x00000000d4500000, 0x00000000d4500000| Untracked 
|  52|0x00000000d4600000, 0x00000000d4600000, 0x00000000d4700000|  0%| F|  |TAMS 0x00000000d4600000, 0x00000000d4600000| Untracked 
|  53|0x00000000d4700000, 0x00000000d4700000, 0x00000000d4800000|  0%| F|  |TAMS 0x00000000d4700000, 0x00000000d4700000| Untracked 
|  54|0x00000000d4800000, 0x00000000d4800000, 0x00000000d4900000|  0%| F|  |TAMS 0x00000000d4800000, 0x00000000d4800000| Untracked 
|  55|0x00000000d4900000, 0x00000000d4900000, 0x00000000d4a00000|  0%| F|  |TAMS 0x00000000d4900000, 0x00000000d4900000| Untracked 
|  56|0x00000000d4a00000, 0x00000000d4a00000, 0x00000000d4b00000|  0%| F|  |TAMS 0x00000000d4a00000, 0x00000000d4a00000| Untracked 
|  57|0x00000000d4b00000, 0x00000000d4b00000, 0x00000000d4c00000|  0%| F|  |TAMS 0x00000000d4b00000, 0x00000000d4b00000| Untracked 
|  58|0x00000000d4c00000, 0x00000000d4c00000, 0x00000000d4d00000|  0%| F|  |TAMS 0x00000000d4c00000, 0x00000000d4c00000| Untracked 
|  59|0x00000000d4d00000, 0x00000000d4d00000, 0x00000000d4e00000|  0%| F|  |TAMS 0x00000000d4d00000, 0x00000000d4d00000| Untracked 
|  60|0x00000000d4e00000, 0x00000000d4e00000, 0x00000000d4f00000|  0%| F|  |TAMS 0x00000000d4e00000, 0x00000000d4e00000| Untracked 
|  61|0x00000000d4f00000, 0x00000000d4f00000, 0x00000000d5000000|  0%| F|  |TAMS 0x00000000d4f00000, 0x00000000d4f00000| Untracked 
|  62|0x00000000d5000000, 0x00000000d5000000, 0x00000000d5100000|  0%| F|  |TAMS 0x00000000d5000000, 0x00000000d5000000| Untracked 
|  63|0x00000000d5100000, 0x00000000d5100000, 0x00000000d5200000|  0%| F|  |TAMS 0x00000000d5100000, 0x00000000d5100000| Untracked 
|  64|0x00000000d5200000, 0x00000000d5200000, 0x00000000d5300000|  0%| F|  |TAMS 0x00000000d5200000, 0x00000000d5200000| Untracked 
|  65|0x00000000d5300000, 0x00000000d5300000, 0x00000000d5400000|  0%| F|  |TAMS 0x00000000d5300000, 0x00000000d5300000| Untracked 
|  66|0x00000000d5400000, 0x00000000d5400000, 0x00000000d5500000|  0%| F|  |TAMS 0x00000000d5400000, 0x00000000d5400000| Untracked 
|  67|0x00000000d5500000, 0x00000000d5500000, 0x00000000d5600000|  0%| F|  |TAMS 0x00000000d5500000, 0x00000000d5500000| Untracked 
|  68|0x00000000d5600000, 0x00000000d5600000, 0x00000000d5700000|  0%| F|  |TAMS 0x00000000d5600000, 0x00000000d5600000| Untracked 
|  69|0x00000000d5700000, 0x00000000d5700000, 0x00000000d5800000|  0%| F|  |TAMS 0x00000000d5700000, 0x00000000d5700000| Untracked 
|  70|0x00000000d5800000, 0x00000000d5800000, 0x00000000d5900000|  0%| F|  |TAMS 0x00000000d5800000, 0x00000000d5800000| Untracked 
|  71|0x00000000d5900000, 0x00000000d5900000, 0x00000000d5a00000|  0%| F|  |TAMS 0x00000000d5900000, 0x00000000d5900000| Untracked 
|  72|0x00000000d5a00000, 0x00000000d5a00000, 0x00000000d5b00000|  0%| F|  |TAMS 0x00000000d5a00000, 0x00000000d5a00000| Untracked 
|  73|0x00000000d5b00000, 0x00000000d5b00000, 0x00000000d5c00000|  0%| F|  |TAMS 0x00000000d5b00000, 0x00000000d5b00000| Untracked 
|  74|0x00000000d5c00000, 0x00000000d5c00000, 0x00000000d5d00000|  0%| F|  |TAMS 0x00000000d5c00000, 0x00000000d5c00000| Untracked 
|  75|0x00000000d5d00000, 0x00000000d5d00000, 0x00000000d5e00000|  0%| F|  |TAMS 0x00000000d5d00000, 0x00000000d5d00000| Untracked 
|  76|0x00000000d5e00000, 0x00000000d5e00000, 0x00000000d5f00000|  0%| F|  |TAMS 0x00000000d5e00000, 0x00000000d5e00000| Untracked 
|  77|0x00000000d5f00000, 0x00000000d5f00000, 0x00000000d6000000|  0%| F|  |TAMS 0x00000000d5f00000, 0x00000000d5f00000| Untracked 
|  78|0x00000000d6000000, 0x00000000d6000000, 0x00000000d6100000|  0%| F|  |TAMS 0x00000000d6000000, 0x00000000d6000000| Untracked 
|  79|0x00000000d6100000, 0x00000000d6100000, 0x00000000d6200000|  0%| F|  |TAMS 0x00000000d6100000, 0x00000000d6100000| Untracked 
|  80|0x00000000d6200000, 0x00000000d6200000, 0x00000000d6300000|  0%| F|  |TAMS 0x00000000d6200000, 0x00000000d6200000| Untracked 
|  81|0x00000000d6300000, 0x00000000d6300000, 0x00000000d6400000|  0%| F|  |TAMS 0x00000000d6300000, 0x00000000d6300000| Untracked 
|  82|0x00000000d6400000, 0x00000000d6400000, 0x00000000d6500000|  0%| F|  |TAMS 0x00000000d6400000, 0x00000000d6400000| Untracked 
|  83|0x00000000d6500000, 0x00000000d6500000, 0x00000000d6600000|  0%| F|  |TAMS 0x00000000d6500000, 0x00000000d6500000| Untracked 
|  84|0x00000000d6600000, 0x00000000d6600000, 0x00000000d6700000|  0%| F|  |TAMS 0x00000000d6600000, 0x00000000d6600000| Untracked 
|  85|0x00000000d6700000, 0x00000000d6700000, 0x00000000d6800000|  0%| F|  |TAMS 0x00000000d6700000, 0x00000000d6700000| Untracked 
|  86|0x00000000d6800000, 0x00000000d6800000, 0x00000000d6900000|  0%| F|  |TAMS 0x00000000d6800000, 0x00000000d6800000| Untracked 
|  87|0x00000000d6900000, 0x00000000d6900000, 0x00000000d6a00000|  0%| F|  |TAMS 0x00000000d6900000, 0x00000000d6900000| Untracked 
|  88|0x00000000d6a00000, 0x00000000d6a00000, 0x00000000d6b00000|  0%| F|  |TAMS 0x00000000d6a00000, 0x00000000d6a00000| Untracked 
|  89|0x00000000d6b00000, 0x00000000d6b00000, 0x00000000d6c00000|  0%| F|  |TAMS 0x00000000d6b00000, 0x00000000d6b00000| Untracked 
|  90|0x00000000d6c00000, 0x00000000d6c00000, 0x00000000d6d00000|  0%| F|  |TAMS 0x00000000d6c00000, 0x00000000d6c00000| Untracked 
|  91|0x00000000d6d00000, 0x00000000d6d00000, 0x00000000d6e00000|  0%| F|  |TAMS 0x00000000d6d00000, 0x00000000d6d00000| Untracked 
|  92|0x00000000d6e00000, 0x00000000d6e00000, 0x00000000d6f00000|  0%| F|  |TAMS 0x00000000d6e00000, 0x00000000d6e00000| Untracked 
|  93|0x00000000d6f00000, 0x00000000d6f00000, 0x00000000d7000000|  0%| F|  |TAMS 0x00000000d6f00000, 0x00000000d6f00000| Untracked 
|  94|0x00000000d7000000, 0x00000000d7000000, 0x00000000d7100000|  0%| F|  |TAMS 0x00000000d7000000, 0x00000000d7000000| Untracked 
|  95|0x00000000d7100000, 0x00000000d7100000, 0x00000000d7200000|  0%| F|  |TAMS 0x00000000d7100000, 0x00000000d7100000| Untracked 
|  96|0x00000000d7200000, 0x00000000d7200000, 0x00000000d7300000|  0%| F|  |TAMS 0x00000000d7200000, 0x00000000d7200000| Untracked 
|  97|0x00000000d7300000, 0x00000000d7300000, 0x00000000d7400000|  0%| F|  |TAMS 0x00000000d7300000, 0x00000000d7300000| Untracked 
|  98|0x00000000d7400000, 0x00000000d7400000, 0x00000000d7500000|  0%| F|  |TAMS 0x00000000d7400000, 0x00000000d7400000| Untracked 
|  99|0x00000000d7500000, 0x00000000d754b438, 0x00000000d7600000| 29%| E|  |TAMS 0x00000000d7500000, 0x00000000d7500000| Complete 
| 100|0x00000000d7600000, 0x00000000d7700000, 0x00000000d7700000|100%| E|CS|TAMS 0x00000000d7600000, 0x00000000d7600000| Complete 
| 101|0x00000000d7700000, 0x00000000d7800000, 0x00000000d7800000|100%| S|CS|TAMS 0x00000000d7700000, 0x00000000d7700000| Complete 
| 102|0x00000000d7800000, 0x00000000d7900000, 0x00000000d7900000|100%| S|CS|TAMS 0x00000000d7800000, 0x00000000d7800000| Complete 
| 103|0x00000000d7900000, 0x00000000d7a00000, 0x00000000d7a00000|100%| S|CS|TAMS 0x00000000d7900000, 0x00000000d7900000| Complete 
| 104|0x00000000d7a00000, 0x00000000d7b00000, 0x00000000d7b00000|100%| E|CS|TAMS 0x00000000d7a00000, 0x00000000d7a00000| Complete 
| 105|0x00000000d7b00000, 0x00000000d7c00000, 0x00000000d7c00000|100%| E|CS|TAMS 0x00000000d7b00000, 0x00000000d7b00000| Complete 
| 106|0x00000000d7c00000, 0x00000000d7d00000, 0x00000000d7d00000|100%| E|CS|TAMS 0x00000000d7c00000, 0x00000000d7c00000| Complete 
| 107|0x00000000d7d00000, 0x00000000d7e00000, 0x00000000d7e00000|100%| E|CS|TAMS 0x00000000d7d00000, 0x00000000d7d00000| Complete 
| 108|0x00000000d7e00000, 0x00000000d7f00000, 0x00000000d7f00000|100%| E|CS|TAMS 0x00000000d7e00000, 0x00000000d7e00000| Complete 
| 109|0x00000000d7f00000, 0x00000000d8000000, 0x00000000d8000000|100%| E|CS|TAMS 0x00000000d7f00000, 0x00000000d7f00000| Complete 
| 110|0x00000000d8000000, 0x00000000d8100000, 0x00000000d8100000|100%| E|CS|TAMS 0x00000000d8000000, 0x00000000d8000000| Complete 
| 111|0x00000000d8100000, 0x00000000d8200000, 0x00000000d8200000|100%| E|CS|TAMS 0x00000000d8100000, 0x00000000d8100000| Complete 
| 112|0x00000000d8200000, 0x00000000d8300000, 0x00000000d8300000|100%| E|CS|TAMS 0x00000000d8200000, 0x00000000d8200000| Complete 
| 113|0x00000000d8300000, 0x00000000d8400000, 0x00000000d8400000|100%| E|CS|TAMS 0x00000000d8300000, 0x00000000d8300000| Complete 
| 114|0x00000000d8400000, 0x00000000d8500000, 0x00000000d8500000|100%| E|CS|TAMS 0x00000000d8400000, 0x00000000d8400000| Complete 
| 115|0x00000000d8500000, 0x00000000d8600000, 0x00000000d8600000|100%| E|CS|TAMS 0x00000000d8500000, 0x00000000d8500000| Complete 
| 116|0x00000000d8600000, 0x00000000d8700000, 0x00000000d8700000|100%| E|CS|TAMS 0x00000000d8600000, 0x00000000d8600000| Complete 
| 117|0x00000000d8700000, 0x00000000d8800000, 0x00000000d8800000|100%| E|CS|TAMS 0x00000000d8700000, 0x00000000d8700000| Complete 
| 118|0x00000000d8800000, 0x00000000d8900000, 0x00000000d8900000|100%| E|CS|TAMS 0x00000000d8800000, 0x00000000d8800000| Complete 
| 119|0x00000000d8900000, 0x00000000d8a00000, 0x00000000d8a00000|100%| E|CS|TAMS 0x00000000d8900000, 0x00000000d8900000| Complete 
| 120|0x00000000d8a00000, 0x00000000d8b00000, 0x00000000d8b00000|100%| E|CS|TAMS 0x00000000d8a00000, 0x00000000d8a00000| Complete 
| 121|0x00000000d8b00000, 0x00000000d8c00000, 0x00000000d8c00000|100%| E|CS|TAMS 0x00000000d8b00000, 0x00000000d8b00000| Complete 
| 122|0x00000000d8c00000, 0x00000000d8d00000, 0x00000000d8d00000|100%| E|CS|TAMS 0x00000000d8c00000, 0x00000000d8c00000| Complete 
| 123|0x00000000d8d00000, 0x00000000d8e00000, 0x00000000d8e00000|100%| E|CS|TAMS 0x00000000d8d00000, 0x00000000d8d00000| Complete 
| 124|0x00000000d8e00000, 0x00000000d8f00000, 0x00000000d8f00000|100%| E|CS|TAMS 0x00000000d8e00000, 0x00000000d8e00000| Complete 
| 125|0x00000000d8f00000, 0x00000000d9000000, 0x00000000d9000000|100%| E|CS|TAMS 0x00000000d8f00000, 0x00000000d8f00000| Complete 
| 126|0x00000000d9000000, 0x00000000d9100000, 0x00000000d9100000|100%| E|CS|TAMS 0x00000000d9000000, 0x00000000d9000000| Complete 
| 127|0x00000000d9100000, 0x00000000d9200000, 0x00000000d9200000|100%| E|CS|TAMS 0x00000000d9100000, 0x00000000d9100000| Complete 

Card table byte_map: [0x0000027831550000,0x00000278316d0000] _byte_map_base: 0x0000027830ec7000

Marking Bits (Prev, Next): (CMBitMap*) 0x000002781c564ff8, (CMBitMap*) 0x000002781c565030
 Prev Bits: [0x0000027831850000, 0x0000027832408000)
 Next Bits: [0x0000027832410000, 0x0000027832fc8000)

Polling page: 0x000002781c610000

Metaspace:

Usage:
  Non-class:     13.62 MB capacity,    13.27 MB ( 97%) used,   308.83 KB (  2%) free+waste,    53.25 KB ( <1%) overhead. 
      Class:      1.67 MB capacity,     1.45 MB ( 87%) used,   202.02 KB ( 12%) free+waste,    26.31 KB (  2%) overhead. 
       Both:     15.29 MB capacity,    14.72 MB ( 96%) used,   510.84 KB (  3%) free+waste,    79.56 KB ( <1%) overhead. 

Virtual space:
  Non-class space:       14.00 MB reserved,      13.75 MB ( 98%) committed 
      Class space:        1.00 GB reserved,       1.75 MB ( <1%) committed 
             Both:        1.01 GB reserved,      15.50 MB (  1%) committed 

Chunk freelists:
   Non-Class:  5.00 KB
       Class:  0 bytes
        Both:  5.00 KB

MaxMetaspaceSize: 17179869184.00 GB
CompressedClassSpaceSize: 1.00 GB
Initial GC threshold: 20.80 MB
Current GC threshold: 20.80 MB
CDS: off

CodeHeap 'non-profiled nmethods': size=120000Kb used=734Kb max_used=734Kb free=119265Kb
 bounds [0x0000027829430000, 0x00000278296a0000, 0x0000027830960000]
CodeHeap 'profiled nmethods': size=120000Kb used=4085Kb max_used=4085Kb free=115914Kb
 bounds [0x0000027821f00000, 0x0000027822300000, 0x0000027829430000]
CodeHeap 'non-nmethods': size=5760Kb used=1194Kb max_used=1223Kb free=4565Kb
 bounds [0x0000027821960000, 0x0000027821bd0000, 0x0000027821f00000]
 total_blobs=2438 nmethods=1973 adapters=378
 compilation: enabled
              stopped_count=0, restarted_count=0
 full_count=0

Compilation events (20 events):
Event: 5.863 Thread 0x000002783631a800 1972       3       java.util.concurrent.ConcurrentHashMap$BaseIterator::<init> (21 bytes)
Event: 5.863 Thread 0x000002783631a800 nmethod 1972 0x00000278222f7f10 code [0x00000278222f80e0, 0x00000278222f82b8]
Event: 5.863 Thread 0x000002783631a800 1973       3       java.util.concurrent.ConcurrentHashMap$Traverser::<init> (36 bytes)
Event: 5.863 Thread 0x000002783631a800 nmethod 1973 0x00000278222f8390 code [0x00000278222f8540, 0x00000278222f8738]
Event: 5.863 Thread 0x000002783631a800 1974       3       java.util.concurrent.ConcurrentHashMap$KeyIterator::next (34 bytes)
Event: 5.863 Thread 0x000002783631a800 nmethod 1974 0x00000278222f8810 code [0x00000278222f89e0, 0x00000278222f8c78]
Event: 5.863 Thread 0x000002783631a800 1975       3       java.util.HashSet::remove (20 bytes)
Event: 5.864 Thread 0x000002783631a800 nmethod 1975 0x00000278222f8d90 code [0x00000278222f8f80, 0x00000278222f9418]
Event: 5.864 Thread 0x000002783631a800 1976       3       java.util.concurrent.ConcurrentHashMap$CollectionView::<init> (10 bytes)
Event: 5.864 Thread 0x000002783631a800 nmethod 1976 0x00000278222f9590 code [0x00000278222f9740, 0x00000278222f98f8]
Event: 5.864 Thread 0x000002783631a800 1977       3       java.util.concurrent.ConcurrentHashMap::keySet (26 bytes)
Event: 5.864 Thread 0x000002783631a800 nmethod 1977 0x00000278222f9990 code [0x00000278222f9b60, 0x00000278222f9ed8]
Event: 5.866 Thread 0x000002783631a800 1979   !   3       java.util.concurrent.ConcurrentHashMap::clear (176 bytes)
Event: 5.867 Thread 0x000002783631a800 nmethod 1979 0x00000278222fa010 code [0x00000278222fa2a0, 0x00000278222fb258]
Event: 5.871 Thread 0x000002783631a800 1980   !   3       jdk.internal.reflect.GeneratedSerializationConstructorAccessor5::newInstance (49 bytes)
Event: 5.872 Thread 0x000002783631a800 nmethod 1980 0x00000278222fb790 code [0x00000278222fb980, 0x00000278222fbd68]
Event: 5.908 Thread 0x000002783631a800 1981       3       sun.rmi.transport.Transport::currentTransport (10 bytes)
Event: 5.909 Thread 0x000002783631a800 nmethod 1981 0x00000278222fbf90 code [0x00000278222fc160, 0x00000278222fc3c8]
Event: 5.912 Thread 0x000002783631a800 1982   !   3       sun.rmi.transport.ObjectTable::unreferenced (64 bytes)
Event: 5.913 Thread 0x000002783631a800 nmethod 1982 0x00000278222fc490 code [0x00000278222fc6e0, 0x00000278222fd1a8]

GC Heap History (2 events):
Event: 4.336 GC heap before
{Heap before GC invocations=0 (full 0):
 garbage-first heap   total 131072K, used 23552K [0x00000000d1200000, 0x0000000100000000)
  region size 1024K, 24 young (24576K), 0 survivors (0K)
 Metaspace       used 14088K, capacity 14696K, committed 14720K, reserved 1062912K
  class space    used 1429K, capacity 1653K, committed 1664K, reserved 1048576K
}
Event: 4.343 GC heap after
{Heap after GC invocations=1 (full 0):
 garbage-first heap   total 131072K, used 3993K [0x00000000d1200000, 0x0000000100000000)
  region size 1024K, 3 young (3072K), 3 survivors (3072K)
 Metaspace       used 14088K, capacity 14696K, committed 14720K, reserved 1062912K
  class space    used 1429K, capacity 1653K, committed 1664K, reserved 1048576K
}

Deoptimization events (20 events):
Event: 4.790 Thread 0x00000278376b3800 DEOPT PACKING pc=0x000002782211cdc2 sp=0x000000ba8fcfae80
Event: 4.790 Thread 0x00000278376b3800 DEOPT UNPACKING pc=0x00000278219aa95e sp=0x000000ba8fcfa2d8 mode 0
Event: 4.988 Thread 0x00000278376b3800 DEOPT PACKING pc=0x00000278221dd2b2 sp=0x000000ba8fcfb5d0
Event: 4.988 Thread 0x00000278376b3800 DEOPT UNPACKING pc=0x00000278219aa95e sp=0x000000ba8fcfa9e8 mode 0
Event: 5.063 Thread 0x00000278376b3800 DEOPT PACKING pc=0x0000027821f8057a sp=0x000000ba8fcfb130
Event: 5.063 Thread 0x00000278376b3800 DEOPT UNPACKING pc=0x00000278219aa95e sp=0x000000ba8fcfa568 mode 0
Event: 5.073 Thread 0x00000278376b3800 DEOPT PACKING pc=0x000002782227787b sp=0x000000ba8fcfb0d0
Event: 5.073 Thread 0x00000278376b3800 DEOPT UNPACKING pc=0x00000278219aa95e sp=0x000000ba8fcfa528 mode 0
Event: 5.659 Thread 0x00000278376b3800 Uncommon trap: trap_request=0xffffff4d fr.pc=0x00000278294cbb60 relative=0x0000000000000400
Event: 5.659 Thread 0x00000278376b3800 Uncommon trap: reason=unstable_if action=reinterpret pc=0x00000278294cbb60 method=java.io.BufferedOutputStream.write([BII)V @ 35 c2
Event: 5.659 Thread 0x00000278376b3800 DEOPT PACKING pc=0x00000278294cbb60 sp=0x000000ba8fcfac30
Event: 5.660 Thread 0x00000278376b3800 DEOPT UNPACKING pc=0x00000278219aa1af sp=0x000000ba8fcfab78 mode 2
Event: 5.872 Thread 0x0000027838b23800 Uncommon trap: trap_request=0xffffffde fr.pc=0x00000278294c3b88 relative=0x0000000000000788
Event: 5.877 Thread 0x0000027838b23800 Uncommon trap: reason=class_check action=maybe_recompile pc=0x00000278294c3b88 method=java.io.BufferedInputStream.read([BII)I @ 101 c2
Event: 5.877 Thread 0x0000027838b23800 DEOPT PACKING pc=0x00000278294c3b88 sp=0x000000ba903fae50
Event: 5.877 Thread 0x0000027838b23800 DEOPT UNPACKING pc=0x00000278219aa1af sp=0x000000ba903fae08 mode 2
Event: 5.904 Thread 0x0000027838b23800 Uncommon trap: trap_request=0xffffff4d fr.pc=0x00000278294cd454 relative=0x0000000000000214
Event: 5.906 Thread 0x0000027838b23800 Uncommon trap: reason=unstable_if action=reinterpret pc=0x00000278294cd454 method=java.io.ObjectInputStream$BlockDataInputStream.read()I @ 4 c2
Event: 5.906 Thread 0x0000027838b23800 DEOPT PACKING pc=0x00000278294cd454 sp=0x000000ba903fb730
Event: 5.907 Thread 0x0000027838b23800 DEOPT UNPACKING pc=0x00000278219aa1af sp=0x000000ba903fb700 mode 2

Classes redefined (0 events):
No events

Internal exceptions (20 events):
Event: 0.583 Thread 0x000002781c539000 Exception <a 'java/lang/NoSuchMethodError'{0x00000000d892ee78}: 'java.lang.Object java.lang.invoke.DelegatingMethodHandle$Holder.reinvoke_L(java.lang.Object, int, int, java.lang.Object, java.lang.Object, java.lang.Object)'> (0x00000000d892ee78) thrown at [./src/hotspot/share/interpreter/linkResolver.cpp, line 773]
Event: 0.584 Thread 0x000002781c539000 Exception <a 'java/lang/NoSuchMethodError'{0x00000000d893d090}: 'java.lang.Object java.lang.invoke.DirectMethodHandle$Holder.invokeStatic(java.lang.Object, java.lang.Object, java.lang.Object, java.lang.Object, java.lang.Object, java.lang.Object, int)'> (0x00000000d893d090) thrown at [./src/hotspot/share/interpreter/linkResolver.cpp, line 773]
Event: 0.607 Thread 0x000002781c539000 Exception <a 'java/lang/NoSuchMethodError'{0x00000000d8811f10}: 'java.lang.Object java.lang.invoke.DirectMethodHandle$Holder.invokeSpecial(java.lang.Object, java.lang.Object, int, int, java.lang.Object, int, java.lang.Object, java.lang.Object)'> (0x00000000d8811f10) thrown at [./src/hotspot/share/interpreter/linkResolver.cpp, line 773]
Event: 0.607 Thread 0x000002781c539000 Exception <a 'java/lang/NoSuchMethodError'{0x00000000d8815550}: 'java.lang.Object java.lang.invoke.DelegatingMethodHandle$Holder.reinvoke_L(java.lang.Object, int, int, java.lang.Object, int, java.lang.Object, java.lang.Object)'> (0x00000000d8815550) thrown at [./src/hotspot/share/interpreter/linkResolver.cpp, line 773]
Event: 0.611 Thread 0x000002781c539000 Exception <a 'java/lang/NoSuchMethodError'{0x00000000d883f7e8}: 'java.lang.Object java.lang.invoke.DirectMethodHandle$Holder.invokeStatic(java.lang.Object, java.lang.Object, java.lang.Object, java.lang.Object, java.lang.Object, java.lang.Object, java.lang.Object, java.lang.Object, int)'> (0x00000000d883f7e8) thrown at [./src/hotspot/share/interpreter/linkResolver.cpp, line 773]
Event: 0.614 Thread 0x000002781c539000 Exception <a 'java/lang/NoSuchMethodError'{0x00000000d8859d60}: 'java.lang.Object java.lang.invoke.DirectMethodHandle$Holder.invokeStatic(java.lang.Object, java.lang.Object, java.lang.Object, java.lang.Object, java.lang.Object, java.lang.Object, java.lang.Object, java.lang.Object, int, int)'> (0x00000000d8859d60) thrown at [./src/hotspot/share/interpreter/linkResolver.cpp, line 773]
Event: 0.617 Thread 0x000002781c539000 Exception <a 'java/lang/NoSuchMethodError'{0x00000000d88752b8}: 'java.lang.Object java.lang.invoke.DirectMethodHandle$Holder.invokeStatic(java.lang.Object, java.lang.Object, java.lang.Object, java.lang.Object, java.lang.Object, java.lang.Object, java.lang.Object, java.lang.Object, int, int, java.lang.Object)'> (0x00000000d88752b8) thrown at [./src/hotspot/share/interpreter/linkResolver.cpp, line 773]
Event: 0.620 Thread 0x000002781c539000 Exception <a 'java/lang/NoSuchMethodError'{0x00000000d8891d88}: 'java.lang.Object java.lang.invoke.DirectMethodHandle$Holder.invokeStatic(java.lang.Object, java.lang.Object, java.lang.Object, java.lang.Object, java.lang.Object, java.lang.Object, java.lang.Object, java.lang.Object, int, int, java.lang.Object, java.lang.Object)'> (0x00000000d8891d88) thrown at [./src/hotspot/share/interpreter/linkResolver.cpp, line 773]
Event: 0.637 Thread 0x000002781c539000 Exception <a 'java/lang/NoSuchMethodError'{0x00000000d8716678}: 'java.lang.Object java.lang.invoke.DirectMethodHandle$Holder.invokeStatic(java.lang.Object, java.lang.Object, java.lang.Object, java.lang.Object, int)'> (0x00000000d8716678) thrown at [./src/hotspot/share/interpreter/linkResolver.cpp, line 773]
Event: 0.656 Thread 0x000002781c539000 Exception <a 'java/lang/NoSuchMethodError'{0x00000000d87da140}: 'java.lang.Object java.lang.invoke.DelegatingMethodHandle$Holder.reinvoke_L(java.lang.Object, java.lang.Object, long)'> (0x00000000d87da140) thrown at [./src/hotspot/share/interpreter/linkResolver.cpp, line 773]
Event: 0.657 Thread 0x000002781c539000 Exception <a 'java/lang/NoSuchMethodError'{0x00000000d87dd330}: 'java.lang.Object java.lang.invoke.Invokers$Holder.linkToTargetMethod(java.lang.Object, long, java.lang.Object)'> (0x00000000d87dd330) thrown at [./src/hotspot/share/interpreter/linkResolver.cpp, line 773]
Event: 0.675 Thread 0x0000027836adb800 Exception <a 'java/lang/NoSuchMethodError'{0x00000000d8649598}: 'java.lang.Object java.lang.invoke.DelegatingMethodHandle$Holder.reinvoke_L(java.lang.Object, int, java.lang.Object)'> (0x00000000d8649598) thrown at [./src/hotspot/share/interpreter/linkResolver.cpp, line 773]
Event: 0.729 Thread 0x00000278376b3800 Exception <a 'java/lang/NoSuchMethodError'{0x00000000d8598e80}: <clinit>> (0x00000000d8598e80) thrown at [./src/hotspot/share/prims/jni.cpp, line 1366]
Event: 0.867 Thread 0x00000278376b3800 Exception <a 'java/lang/NoSuchMethodError'{0x00000000d8278a00}: 'int java.lang.invoke.DirectMethodHandle$Holder.invokeSpecialIFC(java.lang.Object, java.lang.Object, int)'> (0x00000000d8278a00) thrown at [./src/hotspot/share/interpreter/linkResolver.cpp, line 773]
Event: 4.231 Thread 0x00000278376b3800 Exception <a 'java/lang/NoSuchMethodError'{0x00000000d7b6f898}: <clinit>> (0x00000000d7b6f898) thrown at [./src/hotspot/share/prims/jni.cpp, line 1366]
Event: 4.234 Thread 0x00000278376b3800 Exception <a 'java/lang/NoSuchMethodError'{0x00000000d7b7c4e0}: <clinit>> (0x00000000d7b7c4e0) thrown at [./src/hotspot/share/prims/jni.cpp, line 1366]
Event: 4.386 Thread 0x00000278376b3800 Exception <a 'java/lang/NoSuchMethodError'{0x00000000d9069970}: <clinit>> (0x00000000d9069970) thrown at [./src/hotspot/share/prims/jni.cpp, line 1366]
Event: 4.387 Thread 0x00000278376b3800 Exception <a 'java/lang/NoSuchMethodError'{0x00000000d9078340}: <clinit>> (0x00000000d9078340) thrown at [./src/hotspot/share/prims/jni.cpp, line 1366]
Event: 4.388 Thread 0x00000278376b3800 Exception <a 'java/lang/NoSuchMethodError'{0x00000000d90832d8}: <clinit>> (0x00000000d90832d8) thrown at [./src/hotspot/share/prims/jni.cpp, line 1366]
Event: 4.417 Thread 0x00000278376b3800 Exception <a 'java/lang/NoSuchMethodError'{0x00000000d8f3e0d8}: <clinit>> (0x00000000d8f3e0d8) thrown at [./src/hotspot/share/prims/jni.cpp, line 1366]

Events (20 events):
Event: 5.604 loading class int done
Event: 5.622 loading class int
Event: 5.622 loading class int done
Event: 5.622 loading class int
Event: 5.622 loading class int done
Event: 5.639 loading class int
Event: 5.639 loading class int done
Event: 5.639 loading class int
Event: 5.639 loading class int done
Event: 5.659 Executing VM operation: RevokeBias
Event: 5.659 Executing VM operation: RevokeBias done
Event: 5.859 loading class java/util/Vector$1
Event: 5.859 loading class java/util/Vector$1 done
Event: 5.865 Thread 0x0000027838b23800 Thread added: 0x0000027838b23800
Event: 5.868 Executing VM operation: RevokeBias
Event: 5.868 Executing VM operation: RevokeBias done
Event: 5.868 Executing VM operation: RevokeBias
Event: 5.868 Executing VM operation: RevokeBias done
Event: 5.872 Executing VM operation: RevokeBias
Event: 5.872 Executing VM operation: RevokeBias done


Dynamic libraries:
0x00007ff6101a0000 - 0x00007ff6101aa000 	D:\PyCharm 2021.3.3\jbr\bin\java.exe
0x00007ffc2ad30000 - 0x00007ffc2af10000 	C:\WINDOWS\SYSTEM32\ntdll.dll
0x00007ffc28d00000 - 0x00007ffc28dae000 	C:\WINDOWS\System32\KERNEL32.DLL
0x00007ffc27f90000 - 0x00007ffc281f6000 	C:\WINDOWS\System32\KERNELBASE.dll
0x00007ffc27dc0000 - 0x00007ffc27eb6000 	C:\WINDOWS\System32\ucrtbase.dll
0x00007ffc14c60000 - 0x00007ffc14c79000 	D:\PyCharm 2021.3.3\jbr\bin\jli.dll
0x00007ffc16680000 - 0x00007ffc16696000 	D:\PyCharm 2021.3.3\jbr\bin\VCRUNTIME140.dll
0x00007ffc289c0000 - 0x00007ffc28b4f000 	C:\WINDOWS\System32\USER32.dll
0x00007ffc27c00000 - 0x00007ffc27c20000 	C:\WINDOWS\System32\win32u.dll
0x00007ffc1b390000 - 0x00007ffc1b5f9000 	C:\WINDOWS\WinSxS\amd64_microsoft.windows.common-controls_6595b64144ccf1df_6.0.16299.125_none_15cbcf8893620c09\COMCTL32.dll
0x00007ffc29000000 - 0x00007ffc29028000 	C:\WINDOWS\System32\GDI32.dll
0x00007ffc28750000 - 0x00007ffc287ed000 	C:\WINDOWS\System32\msvcrt.dll
0x00007ffc27c20000 - 0x00007ffc27db3000 	C:\WINDOWS\System32\gdi32full.dll
0x00007ffc27190000 - 0x00007ffc2722b000 	C:\WINDOWS\System32\msvcp_win.dll
0x00007ffc29030000 - 0x00007ffc29338000 	C:\WINDOWS\System32\combase.dll
0x00007ffc28490000 - 0x00007ffc285af000 	C:\WINDOWS\System32\RPCRT4.dll
0x00007ffc27ec0000 - 0x00007ffc27f32000 	C:\WINDOWS\System32\bcryptPrimitives.dll
0x00007ffc293c0000 - 0x00007ffc293ed000 	C:\WINDOWS\System32\IMM32.DLL
0x00007ffbff110000 - 0x00007ffbff1ba000 	D:\PyCharm 2021.3.3\jbr\bin\msvcp140.dll
0x00007ffbe39b0000 - 0x00007ffbe452a000 	D:\PyCharm 2021.3.3\jbr\bin\server\jvm.dll
0x00007ffc28910000 - 0x00007ffc289b1000 	C:\WINDOWS\System32\ADVAPI32.dll
0x00007ffc29360000 - 0x00007ffc293bb000 	C:\WINDOWS\System32\sechost.dll
0x00007ffc28480000 - 0x00007ffc28488000 	C:\WINDOWS\System32\PSAPI.DLL
0x00007ffc1b100000 - 0x00007ffc1b10a000 	C:\WINDOWS\SYSTEM32\VERSION.dll
0x00007ffc198d0000 - 0x00007ffc198d9000 	C:\WINDOWS\SYSTEM32\WSOCK32.dll
0x00007ffc23e40000 - 0x00007ffc23e63000 	C:\WINDOWS\SYSTEM32\WINMM.dll
0x00007ffc288a0000 - 0x00007ffc2890c000 	C:\WINDOWS\System32\WS2_32.dll
0x00007ffc23db0000 - 0x00007ffc23dda000 	C:\WINDOWS\SYSTEM32\WINMMBASE.dll
0x00007ffc27f40000 - 0x00007ffc27f8a000 	C:\WINDOWS\System32\cfgmgr32.dll
0x00007ffc270d0000 - 0x00007ffc270e1000 	C:\WINDOWS\System32\kernel.appcore.dll
0x00007ffc20a30000 - 0x00007ffc20a41000 	D:\PyCharm 2021.3.3\jbr\bin\verify.dll
0x00007ffc1fe60000 - 0x00007ffc20028000 	C:\WINDOWS\SYSTEM32\DBGHELP.DLL
0x00007ffc1ae60000 - 0x00007ffc1ae89000 	C:\WINDOWS\SYSTEM32\dbgcore.DLL
0x00007ffc11790000 - 0x00007ffc117b9000 	D:\PyCharm 2021.3.3\jbr\bin\java.dll
0x00007ffc20a20000 - 0x00007ffc20a2b000 	D:\PyCharm 2021.3.3\jbr\bin\jimage.dll
0x00007ffc11770000 - 0x00007ffc11789000 	D:\PyCharm 2021.3.3\jbr\bin\zip.dll
0x00007ffc29470000 - 0x00007ffc2a8a6000 	C:\WINDOWS\System32\SHELL32.dll
0x00007ffc287f0000 - 0x00007ffc28896000 	C:\WINDOWS\System32\shcore.dll
0x00007ffc274b0000 - 0x00007ffc27bf7000 	C:\WINDOWS\System32\windows.storage.dll
0x00007ffc28b50000 - 0x00007ffc28ba1000 	C:\WINDOWS\System32\shlwapi.dll
0x00007ffc27080000 - 0x00007ffc270cc000 	C:\WINDOWS\System32\powrprof.dll
0x00007ffc270f0000 - 0x00007ffc2710b000 	C:\WINDOWS\System32\profapi.dll
0x00007ffc10bd0000 - 0x00007ffc10bea000 	D:\PyCharm 2021.3.3\jbr\bin\net.dll
0x00007ffc1f070000 - 0x00007ffc1f14e000 	C:\WINDOWS\SYSTEM32\WINHTTP.dll
0x00007ffc26890000 - 0x00007ffc268f6000 	C:\WINDOWS\system32\mswsock.dll
0x00007ffc10bb0000 - 0x00007ffc10bc4000 	D:\PyCharm 2021.3.3\jbr\bin\nio.dll
0x00007ffc26a50000 - 0x00007ffc26a67000 	C:\WINDOWS\SYSTEM32\CRYPTSP.dll
0x00007ffc264a0000 - 0x00007ffc264d3000 	C:\WINDOWS\system32\rsaenh.dll
0x00007ffc26bb0000 - 0x00007ffc26bd5000 	C:\WINDOWS\SYSTEM32\bcrypt.dll
0x00007ffc26f80000 - 0x00007ffc26fa9000 	C:\WINDOWS\SYSTEM32\USERENV.dll
0x00007ffc26d20000 - 0x00007ffc26d2b000 	C:\WINDOWS\SYSTEM32\CRYPTBASE.dll
0x00007ffc26620000 - 0x00007ffc26659000 	C:\WINDOWS\SYSTEM32\IPHLPAPI.DLL
0x00007ffc28ff0000 - 0x00007ffc28ff8000 	C:\WINDOWS\System32\NSI.dll
0x00007ffc201a0000 - 0x00007ffc201b6000 	C:\WINDOWS\SYSTEM32\dhcpcsvc6.DLL
0x00007ffc20420000 - 0x00007ffc2043a000 	C:\WINDOWS\SYSTEM32\dhcpcsvc.DLL
0x00007ffc24190000 - 0x00007ffc24198000 	D:\PyCharm 2021.3.3\jbr\bin\rmi.dll
0x0000000070bc0000 - 0x0000000070c9c000 	C:\Users\Konic\AppData\Local\Temp\sqlite-3.36.0.3-ea28ff23-4704-4d7c-af8c-db7a1323741c-sqlitejdbc.dll

dbghelp: loaded successfully - version: 4.0.5 - missing functions: none
symbol engine: initialized successfully - sym options: 0x614 - pdb path: .;D:\PyCharm 2021.3.3\jbr\bin;C:\WINDOWS\SYSTEM32;C:\WINDOWS\WinSxS\amd64_microsoft.windows.common-controls_6595b64144ccf1df_6.0.16299.125_none_15cbcf8893620c09;D:\PyCharm 2021.3.3\jbr\bin\server;C:\Users\Konic\AppData\Local\Temp

VM Arguments:
jvm_args: -Djava.rmi.server.hostname=127.0.0.1 -Duser.timezone=UTC -Xmx750m -Xms128m -Dfile.encoding=UTF-8 
java_command: com.intellij.database.remote.RemoteJdbcServer org.sqlite.JDBC
java_class_path (initial): D:\PyCharm 2021.3.3\lib\util.jar;D:\PyCharm 2021.3.3\lib\org_codehaus_groovy_groovy.jar;D:\PyCharm 2021.3.3\plugins\DatabaseTools\lib\jdbc-console.jar;C:\Users\Konic\AppData\Roaming\JetBrains\PyCharm2021.3\jdbc-drivers\Xerial SQLiteJDBC\3.36.0.3\sqlite-jdbc-3.36.0.3.jar;C:\Users\Konic\AppData\Roaming\JetBrains\PyCharm2021.3\jdbc-drivers\Xerial SQLiteJDBC\3.16.1\sqlite-jdbc-3.16.1.jar;C:\Users\Konic\AppData\Roaming\JetBrains\PyCharm2021.3\jdbc-drivers\sqlite-jdbc-3.8.11.2.jar
Launcher Type: SUN_STANDARD

[Global flags]
     intx CICompilerCount                          = 4                                         {product} {ergonomic}
     uint ConcGCThreads                            = 2                                         {product} {ergonomic}
     uint G1ConcRefinementThreads                  = 8                                         {product} {ergonomic}
   size_t G1HeapRegionSize                         = 1048576                                   {product} {ergonomic}
    uintx GCDrainStackTargetSize                   = 64                                        {product} {ergonomic}
   size_t InitialHeapSize                          = 134217728                                 {product} {command line}
   size_t MarkStackSize                            = 4194304                                   {product} {ergonomic}
   size_t MaxHeapSize                              = 786432000                                 {product} {command line}
   size_t MaxNewSize                               = 471859200                                 {product} {ergonomic}
   size_t MinHeapDeltaBytes                        = 1048576                                   {product} {ergonomic}
    uintx NonNMethodCodeHeapSize                   = 5836300                                {pd product} {ergonomic}
    uintx NonProfiledCodeHeapSize                  = 122910970                              {pd product} {ergonomic}
    uintx ProfiledCodeHeapSize                     = 122910970                              {pd product} {ergonomic}
    uintx ReservedCodeCacheSize                    = 251658240                              {pd product} {ergonomic}
     bool SegmentedCodeCache                       = true                                      {product} {ergonomic}
     bool UseCompressedClassPointers               = true                                 {lp64_product} {ergonomic}
     bool UseCompressedOops                        = true                                 {lp64_product} {ergonomic}
     bool UseG1GC                                  = true                                      {product} {ergonomic}
     bool UseLargePagesIndividualAllocation        = false                                  {pd product} {ergonomic}

Logging:
Log output configuration:
 #0: stdout all=warning uptime,level,tags
 #1: stderr all=off uptime,level,tags

Environment Variables:
JAVA_HOME=D:\java
CLASSPATH=.;D:\java\lib\dt.jar;D:\java\lib\tools.jar;D:\Python27\Scripts\django-admin.exe;D:\Mallet-2.0.8\class;D:\Mallet-2.0.8\lib;D:\Mallet-2.0.8\lib\mallet-deps.jar;D:\apache-ant-1.10.12/lib;
PATH=D:\Python27;D:\Python27\Scripts;D:\Python36\Scripts\;D:\Python36\;D:\Python27\Lib\site-packages\PyQt4;C:\WINDOWS\system32;C:\WINDOWS;C:\WINDOWS\System32\Wbem;C:\WINDOWS\System32\WindowsPowerShell\v1.0\;D:\java\bin;D:\java\jre\bin;C:\Users\Konic\AppData\Roaming\Python\Python36\Scripts;D:\$RECYCLE.BIN\S-1-5-21-4074985542-353105576-3533018571-1001\$RGINHWD\Scripts;D:\CTEX\UserData\miktex\bin;D:\CTEX\MiKTeX\miktex\bin;D:\CTEX\CTeX\ctex\bin;D:\CTEX\CTeX\cct\bin;D:\CTEX\CTeX\ty\bin;D:\CTEX\Ghostscript\gs9.05\bin;D:\CTEX\GSview\gsview;D:\CTEX\WinEdt;D:\CTEX\MiKTeX\miktex\bin\x64\;C:\Program Files\PuTTY\;C:\WINDOWS\System32\OpenSSH\;D:\Git\cmd;D:\Mallet-2.0.8\;D:\apache-ant-1.10.12\bin\;C:\Users\Konic\AppData\Local\Microsoft\WindowsApps;D:\;D:\PyCharm 2021.3.3\bin;;C:\Users\Konic\AppData\Local\GitHubDesktop\bin;D:\IntelliJ IDEA 2021.3.1\bin;;D:\Mallet-2.0.8;
USERNAME=Konic
OS=Windows_NT
PROCESSOR_IDENTIFIER=Intel64 Family 6 Model 58 Stepping 9, GenuineIntel



---------------  S Y S T E M  ---------------

OS: Windows 10 , 64 bit Build 16299 (10.0.16299.15)
OS uptime: 0 days 21:03 hours

CPU:total 8 (initial active 8) (4 cores per cpu, 2 threads per core) family 6 model 58 stepping 9 microcode 0x20, cmov, cx8, fxsr, mmx, sse, sse2, sse3, ssse3, sse4.1, sse4.2, popcnt, avx, aes, clmul, erms, ht, tsc, tscinvbit, tscinv

Memory: 4k page, system-wide physical 8067M (1789M free)
TotalPageFile size 9878M (AvailPageFile size 4M)
current process WorkingSet (physical memory assigned to process): 189M, peak: 189M
current process commit charge ("private bytes"): 325M, peak: 325M

vm_info: OpenJDK 64-Bit Server VM (11.0.14.1+1-b1751.46) for windows-amd64 JRE (11.0.14.1+1-b1751.46), built on Feb 21 2022 15:19:20 by "" with MS VC++ 14.0 (VS2015)

END.
