#
# There is insufficient memory for the Java Runtime Environment to continue.
# Native memory allocation (mmap) failed to map 134217728 bytes for Failed to commit area from 0x0000000081e00000 to 0x0000000089e00000 of length 134217728.
# Possible reasons:
#   The system is out of physical RAM or swap space
#   The process is running with CompressedOops enabled, and the Java Heap may be blocking the growth of the native heap
# Possible solutions:
#   Reduce memory load on the system
#   Increase physical memory or swap space
#   Check if swap backing store is full
#   Decrease Java heap size (-Xmx/-Xms)
#   Decrease number of Java threads
#   Decrease Java thread stack sizes (-Xss)
#   Set larger code cache with -XX:ReservedCodeCacheSize=
# This output file may be truncated or incomplete.
#
#  Out of Memory Error (./src/hotspot/os/windows/os_windows.cpp:3624), pid=13452, tid=16688
#
# JRE version:  (11.0.14.1+1) (build )
# Java VM: OpenJDK 64-Bit Server VM (11.0.14.1+1-b1751.46, mixed mode, sharing, tiered, compressed oops, g1 gc, windows-amd64)
# No core dump will be written. Minidumps are not enabled by default on client versions of Windows
#

---------------  S U M M A R Y ------------

Command Line: git4idea.http.GitAskPassApp Username for 'https://github.com': 

Host: Intel(R) Core(TM) i7-3632QM CPU @ 2.20GHz, 8 cores, 7G,  Windows 10 , 64 bit Build 16299 (10.0.16299.15)
Time: Wed Apr 13 21:43:53 2022 ¨¦?¦Ì???¨¢?¨º¡À elapsed time: 0.020343 seconds (0d 0h 0m 0s)

---------------  T H R E A D  ---------------

Current thread (0x000001a2b894f800):  JavaThread "Unknown thread" [_thread_in_vm, id=16688, stack(0x00000073cfa00000,0x00000073cfb00000)]

Stack: [0x00000073cfa00000,0x00000073cfb00000]
Native frames: (J=compiled Java code, j=interpreted, Vv=VM code, C=native code)
V  [jvm.dll+0x61601a]
V  [jvm.dll+0x79c3b0]
V  [jvm.dll+0x79d9cd]
V  [jvm.dll+0x79e0a3]
V  [jvm.dll+0x24ca38]
V  [jvm.dll+0x613074]
V  [jvm.dll+0x607d75]
V  [jvm.dll+0x30b05b]
V  [jvm.dll+0x30afca]
V  [jvm.dll+0x30aea2]
V  [jvm.dll+0x30fde6]
V  [jvm.dll+0x35b473]
V  [jvm.dll+0x35bb76]
V  [jvm.dll+0x35b573]
V  [jvm.dll+0x2e57b8]
V  [jvm.dll+0x2e6967]
V  [jvm.dll+0x779377]
V  [jvm.dll+0x77ab6c]
V  [jvm.dll+0x368a19]
V  [jvm.dll+0x75ce8e]
V  [jvm.dll+0x3d6aa3]
V  [jvm.dll+0x3d8ff1]
C  [jli.dll+0x536b]
C  [ucrtbase.dll+0x1d885]
C  [KERNEL32.DLL+0x11fe4]
C  [ntdll.dll+0x6ef91]


---------------  P R O C E S S  ---------------

Threads class SMR info:
_java_thread_list=0x000001a2b8806090, length=0, elements={
}

Java Threads: ( => current thread )

Other Threads:
  0x000001a2b8967800 GCTaskThread "GC Thread#0" [stack: 0x00000073cfb00000,0x00000073cfc00000] [id=5476]
  0x000001a2b899d000 ConcurrentGCThread "G1 Main Marker" [stack: 0x00000073cfc00000,0x00000073cfd00000] [id=2740]
  0x000001a2b899e000 ConcurrentGCThread "G1 Conc#0" [stack: 0x00000073cfd00000,0x00000073cfe00000] [id=1748]

[error occurred during error reporting (printing all threads), id 0xc0000005, EXCEPTION_ACCESS_VIOLATION (0xc0000005) at pc=0x00007ffe5be65f37]

VM state:not at safepoint (not fully initialized)

VM Mutex/Monitor currently owned by a thread:  ([mutex/lock_event])
[0x000001a2b894cfb0] Heap_lock - owner thread: 0x000001a2b894f800

Heap address: 0x0000000081e00000, size: 2018 MB, Compressed Oops mode: Non-zero based: 0x0000000081e00000
Narrow klass base: 0x0000000000000000, Narrow klass shift: 0

GC Heap History (0 events):
No events

Deoptimization events (0 events):
No events

Classes redefined (0 events):
No events

Internal exceptions (0 events):
No events

Events (1 events):
Event: 0.005 Loaded shared library D:\PyCharm 2021.3.3\jbr\bin\zip.dll


Dynamic libraries:
0x00007ff7d9310000 - 0x00007ff7d931a000 	D:\PyCharm 2021.3.3\jbr\bin\java.exe
0x00007ffe8cc00000 - 0x00007ffe8cde0000 	C:\WINDOWS\SYSTEM32\ntdll.dll
0x00007ffe8ad10000 - 0x00007ffe8adbe000 	C:\WINDOWS\System32\KERNEL32.DLL
0x00007ffe89710000 - 0x00007ffe89976000 	C:\WINDOWS\System32\KERNELBASE.dll
0x00007ffe892b0000 - 0x00007ffe893a6000 	C:\WINDOWS\System32\ucrtbase.dll
0x00007ffe627e0000 - 0x00007ffe627f9000 	D:\PyCharm 2021.3.3\jbr\bin\jli.dll
0x00007ffe61f20000 - 0x00007ffe61f36000 	D:\PyCharm 2021.3.3\jbr\bin\VCRUNTIME140.dll
0x00007ffe8aa20000 - 0x00007ffe8abaf000 	C:\WINDOWS\System32\USER32.dll
0x00007ffe896f0000 - 0x00007ffe89710000 	C:\WINDOWS\System32\win32u.dll
0x00007ffe7a480000 - 0x00007ffe7a6e9000 	C:\WINDOWS\WinSxS\amd64_microsoft.windows.common-controls_6595b64144ccf1df_6.0.16299.125_none_15cbcf8893620c09\COMCTL32.dll
0x00007ffe8b230000 - 0x00007ffe8b258000 	C:\WINDOWS\System32\GDI32.dll
0x00007ffe8abb0000 - 0x00007ffe8ac4d000 	C:\WINDOWS\System32\msvcrt.dll
0x00007ffe890b0000 - 0x00007ffe89243000 	C:\WINDOWS\System32\gdi32full.dll
0x00007ffe8a710000 - 0x00007ffe8aa18000 	C:\WINDOWS\System32\combase.dll
0x00007ffe893b0000 - 0x00007ffe8944b000 	C:\WINDOWS\System32\msvcp_win.dll
0x00007ffe8afc0000 - 0x00007ffe8b0df000 	C:\WINDOWS\System32\RPCRT4.dll
0x00007ffe89450000 - 0x00007ffe894c2000 	C:\WINDOWS\System32\bcryptPrimitives.dll
0x00007ffe8ae80000 - 0x00007ffe8aead000 	C:\WINDOWS\System32\IMM32.DLL
0x00007ffe3c250000 - 0x00007ffe3c2fa000 	D:\PyCharm 2021.3.3\jbr\bin\msvcp140.dll
0x00007ffe5bb70000 - 0x00007ffe5c6ea000 	D:\PyCharm 2021.3.3\jbr\bin\server\jvm.dll
0x00007ffe8cac0000 - 0x00007ffe8cb61000 	C:\WINDOWS\System32\ADVAPI32.dll
0x00007ffe8acb0000 - 0x00007ffe8ad0b000 	C:\WINDOWS\System32\sechost.dll
0x00007ffe8adc0000 - 0x00007ffe8adc8000 	C:\WINDOWS\System32\PSAPI.DLL
0x00007ffe79800000 - 0x00007ffe79809000 	C:\WINDOWS\SYSTEM32\WSOCK32.dll
0x00007ffe86010000 - 0x00007ffe86033000 	C:\WINDOWS\SYSTEM32\WINMM.dll
0x00007ffe8b260000 - 0x00007ffe8b2cc000 	C:\WINDOWS\System32\WS2_32.dll
0x00007ffe7a460000 - 0x00007ffe7a46a000 	C:\WINDOWS\SYSTEM32\VERSION.dll
0x00007ffe85fb0000 - 0x00007ffe85fda000 	C:\WINDOWS\SYSTEM32\WINMMBASE.dll
0x00007ffe894d0000 - 0x00007ffe8951a000 	C:\WINDOWS\System32\cfgmgr32.dll
0x00007ffe88fe0000 - 0x00007ffe88ff1000 	C:\WINDOWS\System32\kernel.appcore.dll
0x00007ffe85b60000 - 0x00007ffe85b71000 	D:\PyCharm 2021.3.3\jbr\bin\verify.dll
0x00007ffe81330000 - 0x00007ffe814f8000 	C:\WINDOWS\SYSTEM32\DBGHELP.DLL
0x00007ffe79910000 - 0x00007ffe79939000 	C:\WINDOWS\SYSTEM32\dbgcore.DLL
0x00007ffe83ad0000 - 0x00007ffe83af9000 	D:\PyCharm 2021.3.3\jbr\bin\java.dll
0x00007ffe85bf0000 - 0x00007ffe85bfb000 	D:\PyCharm 2021.3.3\jbr\bin\jimage.dll
0x00007ffe7ec60000 - 0x00007ffe7ec79000 	D:\PyCharm 2021.3.3\jbr\bin\zip.dll

dbghelp: loaded successfully - version: 4.0.5 - missing functions: none
symbol engine: initialized successfully - sym options: 0x614 - pdb path: .;D:\PyCharm 2021.3.3\jbr\bin;C:\WINDOWS\SYSTEM32;C:\WINDOWS\WinSxS\amd64_microsoft.windows.common-controls_6595b64144ccf1df_6.0.16299.125_none_15cbcf8893620c09;D:\PyCharm 2021.3.3\jbr\bin\server

VM Arguments:
java_command: git4idea.http.GitAskPassApp Username for 'https://github.com': 
java_class_path (initial): D:/PyCharm 2021.3.3/plugins/git4idea/lib/git4idea-rt.jar;D:/PyCharm 2021.3.3/lib/3rd-party.jar;D:/PyCharm 2021.3.3/lib/3rd-party-rt.jar
Launcher Type: SUN_STANDARD

[Global flags]
     intx CICompilerCount                          = 4                                         {product} {ergonomic}
     uint ConcGCThreads                            = 2                                         {product} {ergonomic}
     uint G1ConcRefinementThreads                  = 8                                         {product} {ergonomic}
   size_t G1HeapRegionSize                         = 1048576                                   {product} {ergonomic}
    uintx GCDrainStackTargetSize                   = 64                                        {product} {ergonomic}
   size_t InitialHeapSize                          = 134217728                                 {product} {ergonomic}
   size_t MarkStackSize                            = 4194304                                   {product} {ergonomic}
   size_t MaxHeapSize                              = 2116026368                                {product} {ergonomic}
   size_t MinHeapDeltaBytes                        = 1048576                                   {product} {ergonomic}
    uintx NonNMethodCodeHeapSize                   = 5836300                                {pd product} {ergonomic}
    uintx NonProfiledCodeHeapSize                  = 122910970                              {pd product} {ergonomic}
    uintx ProfiledCodeHeapSize                     = 122910970                              {pd product} {ergonomic}
    uintx ReservedCodeCacheSize                    = 251658240                              {pd product} {ergonomic}
     bool SegmentedCodeCache                       = true                                      {product} {ergonomic}
     bool UseCompressedClassPointers               = true                                 {lp64_product} {ergonomic}
     bool UseCompressedOops                        = true                                 {lp64_product} {ergonomic}
     bool UseG1GC                                  = true                                      {product} {ergonomic}
     bool UseLargePagesIndividualAllocation        = false                                  {pd product} {ergonomic}

Logging:
Log output configuration:
 #0: stdout all=warning uptime,level,tags
 #1: stderr all=off uptime,level,tags

Environment Variables:
JAVA_HOME=D:\java
CLASSPATH=.;D:\java\lib\dt.jar;D:\java\lib\tools.jar;D:\Python27\Scripts\django-admin.exe;D:\Mallet-2.0.8\class;D:\Mallet-2.0.8\lib;D:\Mallet-2.0.8\lib\mallet-deps.jar;D:\apache-ant-1.10.12/lib;
PATH=D:\Git\mingw64\libexec\git-core;D:\Git\mingw64\libexec\git-core;D:\Git\mingw64\bin;D:\Git\usr\bin;C:\Users\Konic\bin;C:\Users\Konic\daily_fresh_demo\venv\Scripts;D:\Python27;D:\Python27\Scripts;D:\Python36\Scripts;D:\Python36;D:\Python27\Lib\site-packages\PyQt4;C:\WINDOWS\system32;C:\WINDOWS;C:\WINDOWS\System32\Wbem;C:\WINDOWS\System32\WindowsPowerShell\v1.0;D:\java\bin;D:\java\jre\bin;C:\Users\Konic\AppData\Roaming\Python\Python36\Scripts;D:\$RECYCLE.BIN\S-1-5-21-4074985542-353105576-3533018571-1001\$RGINHWD\Scripts;D:\CTEX\UserData\miktex\bin;D:\CTEX\MiKTeX\miktex\bin;D:\CTEX\CTeX\ctex\bin;D:\CTEX\CTeX\cct\bin;D:\CTEX\CTeX\ty\bin;D:\CTEX\Ghostscript\gs9.05\bin;D:\CTEX\GSview\gsview;D:\CTEX\WinEdt;D:\CTEX\MiKTeX\miktex\bin\x64;C:\Program Files\PuTTY;C:\WINDOWS\System32\OpenSSH;D:\Git\cmd;D:\Mallet-2.0.8;D:\apache-ant-1.10.12\bin;C:\Users\Konic\AppData\Local\Microsoft\WindowsApps;D:\;D:\PyCharm 2021.3.3\bin;C:\Users\Konic\AppData\Local\GitHubDesktop\bin;D:\IntelliJ IDEA 2021.3.1\bin;D:\Mallet-2.0.8
USERNAME=Konic
DISPLAY=:0.0
LC_ALL=en_US.UTF-8
OS=Windows_NT
PROCESSOR_IDENTIFIER=Intel64 Family 6 Model 58 Stepping 9, GenuineIntel



---------------  S Y S T E M  ---------------

OS: Windows 10 , 64 bit Build 16299 (10.0.16299.15)
OS uptime: 1 days 23:35 hours

CPU:total 8 (initial active 8) (4 cores per cpu, 2 threads per core) family 6 model 58 stepping 9 microcode 0x20, cmov, cx8, fxsr, mmx, sse, sse2, sse3, ssse3, sse4.1, sse4.2, popcnt, avx, aes, clmul, erms, ht, tsc, tscinvbit, tscinv

Memory: 4k page, system-wide physical 8067M (1514M free)
TotalPageFile size 9854M (AvailPageFile size 109M)
current process WorkingSet (physical memory assigned to process): 10M, peak: 10M
current process commit charge ("private bytes"): 60M, peak: 188M

vm_info: OpenJDK 64-Bit Server VM (11.0.14.1+1-b1751.46) for windows-amd64 JRE (11.0.14.1+1-b1751.46), built on Feb 21 2022 15:19:20 by "" with MS VC++ 14.0 (VS2015)

END.
